[    0.000000] Linux version 4.15.0-70-generic (buildd@lgw01-amd64-055) (gcc version 7.4.0 (Ubuntu 7.4.0-1ubuntu1~18.04.1)) #79-Ubuntu SMP Tue Nov 12 10:36:11 UTC 2019 (Ubuntu 4.15.0-70.79-generic 4.15.18)
[    0.000000] Command line: BOOT_IMAGE=/boot/vmlinuz-4.15.0-70-generic root=LABEL=cloudimg-rootfs ro console=tty1 console=ttyS0
[    0.000000] KERNEL supported cpus:
[    0.000000]   Intel GenuineIntel
[    0.000000]   AMD AuthenticAMD
[    0.000000]   Centaur CentaurHauls
[    0.000000] x86/fpu: Supporting XSAVE feature 0x001: 'x87 floating point registers'
[    0.000000] x86/fpu: Supporting XSAVE feature 0x002: 'SSE registers'
[    0.000000] x86/fpu: Supporting XSAVE feature 0x004: 'AVX registers'
[    0.000000] x86/fpu: xstate_offset[2]:  576, xstate_sizes[2]:  256
[    0.000000] x86/fpu: Enabled xstate features 0x7, context size is 832 bytes, using 'standard' format.
[    0.000000] e820: BIOS-provided physical RAM map:
[    0.000000] BIOS-e820: [mem 0x0000000000000000-0x000000000009fbff] usable
[    0.000000] BIOS-e820: [mem 0x000000000009fc00-0x000000000009ffff] reserved
[    0.000000] BIOS-e820: [mem 0x00000000000f0000-0x00000000000fffff] reserved
[    0.000000] BIOS-e820: [mem 0x0000000000100000-0x000000003ffeffff] usable
[    0.000000] BIOS-e820: [mem 0x000000003fff0000-0x000000003fffffff] ACPI data
[    0.000000] BIOS-e820: [mem 0x00000000fec00000-0x00000000fec00fff] reserved
[    0.000000] BIOS-e820: [mem 0x00000000fee00000-0x00000000fee00fff] reserved
[    0.000000] BIOS-e820: [mem 0x00000000fffc0000-0x00000000ffffffff] reserved
[    0.000000] NX (Execute Disable) protection: active
[    0.000000] SMBIOS 2.5 present.
[    0.000000] DMI: innotek GmbH VirtualBox/VirtualBox, BIOS VirtualBox 12/01/2006
[    0.000000] Hypervisor detected: KVM
[    0.000000] e820: last_pfn = 0x3fff0 max_arch_pfn = 0x400000000
[    0.000000] MTRR: Disabled
[    0.000000] x86/PAT: MTRRs disabled, skipping PAT initialization too.
[    0.000000] CPU MTRRs all blank - virtualized system.
[    0.000000] x86/PAT: Configuration [0-7]: WB  WT  UC- UC  WB  WT  UC- UC  
[    0.000000] found SMP MP-table at [mem 0x0009fff0-0x0009ffff]
[    0.000000] Scanning 1 areas for low memory corruption
[    0.000000] RAMDISK: [mem 0x35a89000-0x36d3bfff]
[    0.000000] ACPI: Early table checksum verification disabled
[    0.000000] ACPI: RSDP 0x00000000000E0000 000024 (v02 VBOX  )
[    0.000000] ACPI: XSDT 0x000000003FFF0030 00003C (v01 VBOX   VBOXXSDT 00000001 ASL  00000061)
[    0.000000] ACPI: FACP 0x000000003FFF00F0 0000F4 (v04 VBOX   VBOXFACP 00000001 ASL  00000061)
[    0.000000] ACPI: DSDT 0x000000003FFF0470 0022EA (v02 VBOX   VBOXBIOS 00000002 INTL 20100528)
[    0.000000] ACPI: FACS 0x000000003FFF0200 000040
[    0.000000] ACPI: FACS 0x000000003FFF0200 000040
[    0.000000] ACPI: APIC 0x000000003FFF0240 00005C (v02 VBOX   VBOXAPIC 00000001 ASL  00000061)
[    0.000000] ACPI: SSDT 0x000000003FFF02A0 0001CC (v01 VBOX   VBOXCPUT 00000002 INTL 20100528)
[    0.000000] No NUMA configuration found
[    0.000000] Faking a node at [mem 0x0000000000000000-0x000000003ffeffff]
[    0.000000] NODE_DATA(0) allocated [mem 0x3ffc5000-0x3ffeffff]
[    0.000000] kvm-clock: cpu 0, msr 0:3ff44001, primary cpu clock
[    0.000000] kvm-clock: Using msrs 4b564d01 and 4b564d00
[    0.000000] kvm-clock: using sched offset of 6571943204 cycles
[    0.000000] clocksource: kvm-clock: mask: 0xffffffffffffffff max_cycles: 0x1cd42e4dffb, max_idle_ns: 881590591483 ns
[    0.000000] Zone ranges:
[    0.000000]   DMA      [mem 0x0000000000001000-0x0000000000ffffff]
[    0.000000]   DMA32    [mem 0x0000000001000000-0x000000003ffeffff]
[    0.000000]   Normal   empty
[    0.000000]   Device   empty
[    0.000000] Movable zone start for each node
[    0.000000] Early memory node ranges
[    0.000000]   node   0: [mem 0x0000000000001000-0x000000000009efff]
[    0.000000]   node   0: [mem 0x0000000000100000-0x000000003ffeffff]
[    0.000000] Reserved but unavailable: 98 pages
[    0.000000] Initmem setup node 0 [mem 0x0000000000001000-0x000000003ffeffff]
[    0.000000] ACPI: PM-Timer IO Port: 0x4008
[    0.000000] IOAPIC[0]: apic_id 2, version 32, address 0xfec00000, GSI 0-23
[    0.000000] ACPI: INT_SRC_OVR (bus 0 bus_irq 0 global_irq 2 dfl dfl)
[    0.000000] ACPI: INT_SRC_OVR (bus 0 bus_irq 9 global_irq 9 low level)
[    0.000000] Using ACPI (MADT) for SMP configuration information
[    0.000000] smpboot: Allowing 2 CPUs, 0 hotplug CPUs
[    0.000000] PM: Registered nosave memory: [mem 0x00000000-0x00000fff]
[    0.000000] PM: Registered nosave memory: [mem 0x0009f000-0x0009ffff]
[    0.000000] PM: Registered nosave memory: [mem 0x000a0000-0x000effff]
[    0.000000] PM: Registered nosave memory: [mem 0x000f0000-0x000fffff]
[    0.000000] e820: [mem 0x40000000-0xfebfffff] available for PCI devices
[    0.000000] Booting paravirtualized kernel on KVM
[    0.000000] clocksource: refined-jiffies: mask: 0xffffffff max_cycles: 0xffffffff, max_idle_ns: 7645519600211568 ns
[    0.000000] random: get_random_bytes called from start_kernel+0x99/0x4fd with crng_init=0
[    0.000000] setup_percpu: NR_CPUS:8192 nr_cpumask_bits:2 nr_cpu_ids:2 nr_node_ids:1
[    0.000000] percpu: Embedded 45 pages/cpu s147456 r8192 d28672 u1048576
[    0.000000] PV qspinlock hash table entries: 256 (order: 0, 4096 bytes)
[    0.000000] Built 1 zonelists, mobility grouping on.  Total pages: 257913
[    0.000000] Policy zone: DMA32
[    0.000000] Kernel command line: BOOT_IMAGE=/boot/vmlinuz-4.15.0-70-generic root=LABEL=cloudimg-rootfs ro console=tty1 console=ttyS0
[    0.000000] Memory: 983440K/1048120K available (12300K kernel code, 2481K rwdata, 4264K rodata, 2432K init, 2388K bss, 64680K reserved, 0K cma-reserved)
[    0.000000] SLUB: HWalign=64, Order=0-3, MinObjects=0, CPUs=2, Nodes=1
[    0.000000] Kernel/User page tables isolation: enabled
[    0.000000] ftrace: allocating 39315 entries in 154 pages
[    0.004000] Hierarchical RCU implementation.
[    0.004000] 	RCU restricting CPUs from NR_CPUS=8192 to nr_cpu_ids=2.
[    0.004000] 	Tasks RCU enabled.
[    0.004000] RCU: Adjusting geometry for rcu_fanout_leaf=16, nr_cpu_ids=2
[    0.004000] NR_IRQS: 524544, nr_irqs: 440, preallocated irqs: 16
[    0.004000] Console: colour VGA+ 80x25
[    0.004000] console [tty1] enabled
[    0.004000] console [ttyS0] enabled
[    0.004000] ACPI: Core revision 20170831
[    0.004000] ACPI: 2 ACPI AML tables successfully acquired and loaded
[    0.004000] APIC: Switch to symmetric I/O mode setup
[    0.008264] x2apic enabled
[    0.009814] Switched APIC routing to physical x2apic.
[    0.014203] ..TIMER: vector=0x30 apic1=0 pin1=2 apic2=-1 pin2=-1
[    0.016008] tsc: Detected 1899.999 MHz processor
[    0.020019] Calibrating delay loop (skipped) preset value.. 3799.99 BogoMIPS (lpj=7599996)
[    0.024009] pid_max: default: 32768 minimum: 301
[    0.028052] Security Framework initialized
[    0.029833] Yama: becoming mindful.
[    0.032041] AppArmor: AppArmor initialized
[    0.036059] Dentry cache hash table entries: 131072 (order: 8, 1048576 bytes)
[    0.040101] Inode-cache hash table entries: 65536 (order: 7, 524288 bytes)
[    0.044036] Mount-cache hash table entries: 2048 (order: 2, 16384 bytes)
[    0.048019] Mountpoint-cache hash table entries: 2048 (order: 2, 16384 bytes)
[    0.052307] Last level iTLB entries: 4KB 1024, 2MB 1024, 4MB 1024
[    0.056007] Last level dTLB entries: 4KB 1024, 2MB 1024, 4MB 1024, 1GB 4
[    0.060006] Spectre V1 : Mitigation: usercopy/swapgs barriers and __user pointer sanitization
[    0.064007] Spectre V2 : Mitigation: Full generic retpoline
[    0.068005] Spectre V2 : Spectre v2 / SpectreRSB mitigation: Filling RSB on context switch
[    0.072007] Speculative Store Bypass: Vulnerable
[    0.076062] MDS: Vulnerable: Clear CPU buffers attempted, no microcode
[    0.080200] Freeing SMP alternatives memory: 36K
[    0.197219] smpboot: CPU0: Intel(R) Core(TM) i5-4250U CPU @ 1.30GHz (family: 0x6, model: 0x45, stepping: 0x1)
[    0.200268] Performance Events: unsupported p6 CPU model 69 no PMU driver, software events only.
[    0.208009] Hierarchical SRCU implementation.
[    0.212000] NMI watchdog: Perf event create on CPU 0 failed with -2
[    0.212009] NMI watchdog: Perf NMI watchdog permanently disabled
[    0.216131] smp: Bringing up secondary CPUs ...
[    0.220200] x86: Booting SMP configuration:
[    0.224012] .... node  #0, CPUs:      #1
[    0.004000] kvm-clock: cpu 1, msr 0:3ff44041, secondary cpu clock
[    0.235055] smp: Brought up 1 node, 2 CPUs
[    0.236027] smpboot: Max logical packages: 1
[    0.240015] smpboot: Total of 2 processors activated (7599.99 BogoMIPS)
[    0.244465] devtmpfs: initialized
[    0.248113] x86/mm: Memory block size: 128MB
[    0.252373] evm: security.selinux
[    0.255221] evm: security.SMACK64
[    0.256011] evm: security.SMACK64EXEC
[    0.260008] evm: security.SMACK64TRANSMUTE
[    0.262672] evm: security.SMACK64MMAP
[    0.264011] evm: security.apparmor
[    0.268010] evm: security.ima
[    0.270252] evm: security.capability
[    0.272193] clocksource: jiffies: mask: 0xffffffff max_cycles: 0xffffffff, max_idle_ns: 7645041785100000 ns
[    0.276092] futex hash table entries: 512 (order: 3, 32768 bytes)
[    0.283288] pinctrl core: initialized pinctrl subsystem
[    0.284243] RTC time:  3:17:28, date: 11/26/19
[    0.289012] NET: Registered protocol family 16
[    0.292176] audit: initializing netlink subsys (disabled)
[    0.300021] audit: type=2000 audit(1574738256.546:1): state=initialized audit_enabled=0 res=1
[    0.304020] cpuidle: using governor ladder
[    0.308030] cpuidle: using governor menu
[    0.312077] ACPI: bus type PCI registered
[    0.316006] acpiphp: ACPI Hot Plug PCI Controller Driver version: 0.5
[    0.320341] PCI: Using configuration type 1 for base access
[    0.325156] HugeTLB registered 2.00 MiB page size, pre-allocated 0 pages
[    0.328458] ACPI: Added _OSI(Module Device)
[    0.332006] ACPI: Added _OSI(Processor Device)
[    0.333917] ACPI: Added _OSI(3.0 _SCP Extensions)
[    0.336009] ACPI: Added _OSI(Processor Aggregator Device)
[    0.340014] ACPI: Added _OSI(Linux-Dell-Video)
[    0.344029] ACPI: Added _OSI(Linux-Lenovo-NV-HDMI-Audio)
[    0.348027] ACPI: Added _OSI(Linux-HPI-Hybrid-Graphics)
[    0.352261] ACPI: Executed 1 blocks of module-level executable AML code
[    0.360507] ACPI: Interpreter enabled
[    0.362320] ACPI: (supports S0 S5)
[    0.363851] ACPI: Using IOAPIC for interrupt routing
[    0.364380] PCI: Using host bridge windows from ACPI; if necessary, use "pci=nocrs" and report a bug
[    0.368714] ACPI: Enabled 2 GPEs in block 00 to 07
[    0.395074] ACPI: PCI Root Bridge [PCI0] (domain 0000 [bus 00-ff])
[    0.396030] acpi PNP0A03:00: _OSC: OS supports [ASPM ClockPM Segments MSI]
[    0.401286] acpi PNP0A03:00: _OSC: not requesting OS control; OS requires [ExtendedConfig ASPM ClockPM MSI]
[    0.404045] acpi PNP0A03:00: fail to add MMCONFIG information, can't access extended PCI configuration space under this bridge.
[    0.409470] PCI host bridge to bus 0000:00
[    0.411492] pci_bus 0000:00: root bus resource [io  0x0000-0x0cf7 window]
[    0.412016] pci_bus 0000:00: root bus resource [io  0x0d00-0xffff window]
[    0.416017] pci_bus 0000:00: root bus resource [mem 0x000a0000-0x000bffff window]
[    0.420012] pci_bus 0000:00: root bus resource [mem 0x40000000-0xfdffffff window]
[    0.424017] pci_bus 0000:00: root bus resource [bus 00-ff]
[    0.440784] pci 0000:00:01.1: legacy IDE quirk: reg 0x10: [io  0x01f0-0x01f7]
[    0.444011] pci 0000:00:01.1: legacy IDE quirk: reg 0x14: [io  0x03f6]
[    0.448017] pci 0000:00:01.1: legacy IDE quirk: reg 0x18: [io  0x0170-0x0177]
[    0.452011] pci 0000:00:01.1: legacy IDE quirk: reg 0x1c: [io  0x0376]
[    0.503407] pci 0000:00:07.0: quirk: [io  0x4000-0x403f] claimed by PIIX4 ACPI
[    0.504046] pci 0000:00:07.0: quirk: [io  0x4100-0x410f] claimed by PIIX4 SMB
[    0.522108] ACPI: PCI Interrupt Link [LNKA] (IRQs 5 9 10 *11)
[    0.528562] ACPI: PCI Interrupt Link [LNKB] (IRQs 5 9 *10 11)
[    0.536226] ACPI: PCI Interrupt Link [LNKC] (IRQs 5 *9 10 11)
[    0.540340] ACPI: PCI Interrupt Link [LNKD] (IRQs 5 9 10 *11)
[    0.545112] SCSI subsystem initialized
[    0.548115] pci 0000:00:02.0: vgaarb: setting as boot VGA device
[    0.552000] pci 0000:00:02.0: vgaarb: VGA device added: decodes=io+mem,owns=io+mem,locks=none
[    0.552024] pci 0000:00:02.0: vgaarb: bridge control possible
[    0.556008] vgaarb: loaded
[    0.560111] ACPI: bus type USB registered
[    0.563061] usbcore: registered new interface driver usbfs
[    0.564040] usbcore: registered new interface driver hub
[    0.568054] usbcore: registered new device driver usb
[    0.572108] EDAC MC: Ver: 3.0.0
[    0.576811] PCI: Using ACPI for IRQ routing
[    0.580871] NetLabel: Initializing
[    0.584007] NetLabel:  domain hash size = 128
[    0.588005] NetLabel:  protocols = UNLABELED CIPSOv4 CALIPSO
[    0.592033] NetLabel:  unlabeled traffic allowed by default
[    0.596155] clocksource: Switched to clocksource kvm-clock
[    0.619690] VFS: Disk quotas dquot_6.6.0
[    0.621501] VFS: Dquot-cache hash table entries: 512 (order 0, 4096 bytes)
[    0.624971] AppArmor: AppArmor Filesystem Enabled
[    0.627625] pnp: PnP ACPI init
[    0.630943] pnp: PnP ACPI: found 3 devices
[    0.652348] clocksource: acpi_pm: mask: 0xffffff max_cycles: 0xffffff, max_idle_ns: 2085701024 ns
[    0.659951] NET: Registered protocol family 2
[    0.669712] TCP established hash table entries: 8192 (order: 4, 65536 bytes)
[    0.703307] TCP bind hash table entries: 8192 (order: 5, 131072 bytes)
[    0.724563] TCP: Hash tables configured (established 8192 bind 8192)
[    0.731879] UDP hash table entries: 512 (order: 2, 16384 bytes)
[    0.735119] UDP-Lite hash table entries: 512 (order: 2, 16384 bytes)
[    0.738937] NET: Registered protocol family 1
[    0.748738] pci 0000:00:00.0: Limiting direct PCI/PCI transfers
[    0.752576] pci 0000:00:01.0: Activating ISA DMA hang workarounds
[    0.782295] pci 0000:00:02.0: Video device with shadowed ROM at [mem 0x000c0000-0x000dffff]
[    0.815429] Unpacking initramfs...
[    1.393431] Freeing initrd memory: 19148K
[    1.401069] clocksource: tsc: mask: 0xffffffffffffffff max_cycles: 0x36c6563e7a6, max_idle_ns: 881590602333 ns
[    1.407181] platform rtc_cmos: registered platform RTC device (no PNP device found)
[    1.411028] Scanning for low memory corruption every 60 seconds
[    1.415245] Initialise system trusted keyrings
[    1.417782] Key type blacklist registered
[    1.420538] workingset: timestamp_bits=36 max_order=18 bucket_order=0
[    1.425924] zbud: loaded
[    1.427878] squashfs: version 4.0 (2009/01/31) Phillip Lougher
[    1.431981] fuse init (API version 7.26)
[    1.442305] Key type asymmetric registered
[    1.444084] Asymmetric key parser 'x509' registered
[    1.446950] Block layer SCSI generic (bsg) driver version 0.4 loaded (major 246)
[    1.450923] io scheduler noop registered
[    1.452958] io scheduler deadline registered
[    1.454807] io scheduler cfq registered (default)
[    1.458309] ACPI: AC Adapter [AC] (on-line)
[    1.460252] input: Power Button as /devices/LNXSYSTM:00/LNXPWRBN:00/input/input0
[    1.466520] ACPI: Power Button [PWRF]
[    1.469620] input: Sleep Button as /devices/LNXSYSTM:00/LNXSLPBN:00/input/input1
[    1.477142] ACPI: Sleep Button [SLPF]
[    1.483981] ACPI: Battery Slot [BAT0] (battery present)
[    1.486793] Serial: 8250/16550 driver, 32 ports, IRQ sharing enabled
[    1.516649] 00:02: ttyS0 at I/O 0x3f8 (irq = 4, base_baud = 115200) is a 16550A
[    1.532105] Linux agpgart interface v0.103
[    1.541027] loop: module loaded
[    1.545689] scsi host0: ata_piix
[    1.549778] scsi host1: ata_piix
[    1.552244] ata1: PATA max UDMA/33 cmd 0x1f0 ctl 0x3f6 bmdma 0xd000 irq 14
[    1.558621] ata2: PATA max UDMA/33 cmd 0x170 ctl 0x376 bmdma 0xd008 irq 15
[    1.564697] libphy: Fixed MDIO Bus: probed
[    1.568373] tun: Universal TUN/TAP device driver, 1.6
[    1.572060] PPP generic driver version 2.4.2
[    1.575592] ehci_hcd: USB 2.0 'Enhanced' Host Controller (EHCI) Driver
[    1.581325] ehci-pci: EHCI PCI platform driver
[    1.585798] ehci-platform: EHCI generic platform driver
[    1.590470] ohci_hcd: USB 1.1 'Open' Host Controller (OHCI) Driver
[    1.594247] ohci-pci: OHCI PCI platform driver
[    1.597065] ohci-platform: OHCI generic platform driver
[    1.601115] uhci_hcd: USB Universal Host Controller Interface driver
[    1.605967] i8042: PNP: PS/2 Controller [PNP0303:PS2K,PNP0f03:PS2M] at 0x60,0x64 irq 1,12
[    1.612773] serio: i8042 KBD port at 0x60,0x64 irq 1
[    1.615370] serio: i8042 AUX port at 0x60,0x64 irq 12
[    1.618344] mousedev: PS/2 mouse device common for all mice
[    1.623168] input: AT Translated Set 2 keyboard as /devices/platform/i8042/serio0/input/input2
[    1.627820] rtc_cmos rtc_cmos: rtc core: registered rtc_cmos as rtc0
[    1.632521] rtc_cmos rtc_cmos: alarms up to one day, 114 bytes nvram
[    1.635432] i2c /dev entries driver
[    1.637424] device-mapper: uevent: version 1.0.3
[    1.639731] device-mapper: ioctl: 4.37.0-ioctl (2017-09-20) initialised: dm-devel@redhat.com
[    1.643701] ledtrig-cpu: registered to indicate activity on CPUs
[    1.648401] NET: Registered protocol family 10
[    1.658646] Segment Routing with IPv6
[    1.660143] NET: Registered protocol family 17
[    1.662588] Key type dns_resolver registered
[    1.665521] mce: Using 0 MCE banks
[    1.667117] RAS: Correctable Errors collector initialized.
[    1.669649] sched_clock: Marking stable (1669595107, 0)->(2911427626, -1241832519)
[    1.673723] registered taskstats version 1
[    1.675396] Loading compiled-in X.509 certificates
[    1.681960] Loaded X.509 cert 'Build time autogenerated kernel key: 1859b0531897959199376c446a0bd70df75fd1fc'
[    1.687131] zswap: loaded using pool lzo/zbud
[    1.694713] Key type big_key registered
[    1.696573] Key type trusted registered
[    1.700484] Key type encrypted registered
[    1.702093] AppArmor: AppArmor sha1 policy hashing enabled
[    1.704396] ima: No TPM chip found, activating TPM-bypass! (rc=-19)
[    1.707510] ima: Allocated hash algorithm: sha1
[    1.710534] evm: HMAC attrs: 0x1
[    1.713227]   Magic number: 11:21:261
[    1.715316] rtc_cmos rtc_cmos: setting system clock to 2019-11-26 03:17:30 UTC (1574738250)
[    1.719184] BIOS EDD facility v0.16 2004-Jun-25, 0 devices found
[    1.721570] EDD information not available.
[    1.727794] Freeing unused kernel image memory: 2432K
[    1.748614] Write protecting the kernel read-only data: 20480k
[    1.753225] Freeing unused kernel image memory: 2008K
[    1.755790] Freeing unused kernel image memory: 1880K
[    1.766659] x86/mm: Checked W+X mappings: passed, no W+X pages found.
[    1.769501] x86/mm: Checking user space page tables
[    1.778381] x86/mm: Checked W+X mappings: passed, no W+X pages found.
Loading, please wait...
starting version 237
[    1.971541] e1000: Intel(R) PRO/1000 Network Driver - version 7.3.21-k8-NAPI
[    1.978188] e1000: Copyright (c) 1999-2006 Intel Corporation.
[    1.994766] Fusion MPT base driver 3.04.20
[    1.998033] Copyright (c) 1999-2008 LSI Corporation
[    2.017203] AVX2 version of gcm_enc/dec engaged.
[    2.020527] AES CTR mode by8 optimization enabled
[    2.031909] Fusion MPT SPI Host driver 3.04.20
[    2.219828] input: ImExPS/2 Generic Explorer Mouse as /devices/platform/i8042/serio1/input/input4
[    2.754875] e1000 0000:00:03.0 eth0: (PCI:33MHz:32-bit) 02:83:96:c1:64:f9
[    2.758345] e1000 0000:00:03.0 eth0: Intel(R) PRO/1000 Network Connection
[    2.763183] mptbase: ioc0: Initiating bringup
[    2.764862] e1000 0000:00:03.0 enp0s3: renamed from eth0
[    2.865069] ioc0: LSI53C1030 A0: Capabilities={Initiator}
[    3.114449] scsi host2: ioc0: LSI53C1030 A0, FwRev=00000000h, Ports=1, MaxQ=256, IRQ=20
[    3.289725] scsi 2:0:0:0: Direct-Access     VBOX     HARDDISK         1.0  PQ: 0 ANSI: 5
[    3.324223] scsi target2:0:0: Beginning Domain Validation
[    3.333928] scsi target2:0:0: Domain Validation skipping write tests
[    3.338505] scsi target2:0:0: Ending Domain Validation
[    3.342056] scsi target2:0:0: asynchronous
[    3.346978] scsi 2:0:1:0: Direct-Access     VBOX     HARDDISK         1.0  PQ: 0 ANSI: 5
[    3.380182] scsi target2:0:1: Beginning Domain Validation
[    3.385038] random: fast init done
[    3.392732] scsi target2:0:1: Domain Validation skipping write tests
[    3.395870] scsi target2:0:1: Ending Domain Validation
[    3.398400] scsi target2:0:1: asynchronous
[    3.476576] random: systemd-udevd: uninitialized urandom read (16 bytes read)
[    3.483458] sd 2:0:0:0: Attached scsi generic sg0 type 0
[    3.486449] random: systemd-udevd: uninitialized urandom read (16 bytes read)
[    3.490247] sd 2:0:0:0: [sda] 20971520 512-byte logical blocks: (10.7 GB/10.0 GiB)
[    3.493881] sd 2:0:0:0: [sda] Write Protect is off
[    3.497823] sd 2:0:1:0: Attached scsi generic sg1 type 0
[    3.501110] sd 2:0:1:0: [sdb] 20480 512-byte logical blocks: (10.5 MB/10.0 MiB)
[    3.506011] random: systemd-udevd: uninitialized urandom read (16 bytes read)
[    3.510504] sd 2:0:1:0: [sdb] Write Protect is off
[    3.513818] sd 2:0:0:0: [sda] Incomplete mode parameter data
[    3.517456] sd 2:0:0:0: [sda] Assuming drive cache: write through
[    3.521053] sd 2:0:1:0: [sdb] Incomplete mode parameter data
[    3.523770] sd 2:0:1:0: [sdb] Assuming drive cache: write through
[    3.533235]  sda: sda1
[    3.539087] sd 2:0:0:0: [sda] Attached SCSI disk
[    3.542001] sd 2:0:1:0: [sdb] Attached SCSI disk
Begin: Loading essential drivers ... [    5.320148] raid6: sse2x1   gen()  5331 MB/s
[    5.368227] raid6: sse2x1   xor()  3888 MB/s
[    5.420097] raid6: sse2x2   gen()  6957 MB/s
[    5.468253] raid6: sse2x2   xor()  5374 MB/s
[    5.516315] raid6: sse2x4   gen()  7129 MB/s
[    5.564637] raid6: sse2x4   xor()  4609 MB/s
[    5.612516] raid6: avx2x1   gen()  8354 MB/s
[    5.660109] raid6: avx2x1   xor()  8788 MB/s
[    5.708278] raid6: avx2x2   gen() 15377 MB/s
[    5.756385] raid6: avx2x2   xor()  8843 MB/s
[    5.804184] raid6: avx2x4   gen() 15044 MB/s
[    5.852486] raid6: avx2x4   xor()  7201 MB/s
[    5.855272] raid6: using algorithm avx2x2 gen() 15377 MB/s
[    5.859451] raid6: .... xor() 8843 MB/s, rmw enabled
[    5.863064] raid6: using avx2x2 recovery algorithm
[    5.870469] xor: automatically using best checksumming function   avx       
[    5.879115] async_tx: api initialized (async)
done.
Begin: Running /scripts/init-premount ... done.
Begin: Mounting root file system ... Begin: Running /scripts/local-top ... done.
Begin: Running /scripts/local-premount ... [    5.988463] Btrfs loaded, crc32c=crc32c-intel
Scanning for Btrfs filesystems
done.
Warning: fsck not present, so skipping root file system
[    6.072155] EXT4-fs (sda1): mounted filesystem with ordered data mode. Opts: (null)
done.
Begin: Running /scripts/local-bottom ... done.
Begin: Running /scripts/init-bottom ... done.
[    6.391182] ip_tables: (C) 2000-2006 Netfilter Core Team
[    6.410579] systemd[1]: systemd 237 running in system mode. (+PAM +AUDIT +SELINUX +IMA +APPARMOR +SMACK +SYSVINIT +UTMP +LIBCRYPTSETUP +GCRYPT +GNUTLS +ACL +XZ +LZ4 +SECCOMP +BLKID +ELFUTILS +KMOD -IDN2 +IDN -PCRE2 default-hierarchy=hybrid)
[    6.423069] systemd[1]: Detected virtualization oracle.
[    6.425768] systemd[1]: Detected architecture x86-64.

Welcome to [1mUbuntu 18.04.3 LTS[0m!

[    6.439111] systemd[1]: Set hostname to <ubuntu>.
[    6.449006] systemd[1]: Initializing machine ID from random generator.
[    6.452214] systemd[1]: Installed transient /etc/machine-id file.
[    6.937945] systemd[1]: Reached target User and Group Name Lookups.
[[0;32m  OK  [0m] Reached target User and Group Name Lookups.
[    6.942710] systemd[1]: Reached target System Time Synchronized.
[[0;32m  OK  [0m] Reached target System Time Synchronized.
[    6.950359] systemd[1]: Created slice User and Session Slice.
[[0;32m  OK  [0m] Created slice User and Session Slice.
[    6.955363] systemd[1]: Created slice System Slice.
[[0;32m  OK  [0m] Created slice System Slice.
[[0;32m  OK  [0m] Listening on udev Kernel Socket.
[[0;32m  OK  [0m] Listening on Journal Audit Socket.
[[0;32m  OK  [0m] Listening on LVM2 metadata daemon socket.
[[0;32m  OK  [0m] Listening on udev Control Socket.
[[0;32m  OK  [0m] Listening on LVM2 poll daemon socket.
[[0;32m  OK  [0m] Created slice system-serial\x2dgetty.slice.
[[0;32m  OK  [0m] Listening on Journal Socket.
         Mounting Kernel Debug File System...
         Starting Uncomplicated firewall...
         Mounting Huge Pages File System...
         Starting Remount Root and Kernel File Systems...
[    7.029433] EXT4-fs (sda1): re-mounted. Opts: (null)
         Starting Create list of required st…ce nodes for the current kernel...
         Starting Load Kernel Modules...
         Starting udev Coldplug all Devices...
[[0;32m  OK  [0m] Started Forward Password Requests to Wall Directory Watch.
[    7.080441] Loading iSCSI transport class v2.0-870.
         Starting Set the console keyboard layout...
[[0;32m  OK  [0m] Listening on Network Service Netlink Socket.
[[0;32m  OK  [0m] Listening on Journal Socket (/dev/log).
[[0;32m  OK  [0m] Listening on Device-mapper event daemon FIFOs.
         Starting Monitoring of LVM2 mirrors…ng dmeventd or progress polling...
[[0;32m  OK  [0m] Listening on /dev/initctl Compatibility Named Pipe.
[[0;32m  OK  [0m] Listening on Syslog Socket.
         Mounting POSIX Message Queue File System...
[[0;32m  OK  [0m] Reached target Swap.
[[0;32m  OK  [0m] Reached target Slices.
         Starting Journal Service...
[[0;32m  OK  [0m] Set up automount Arbitrary Executab…rmats File System Automount Point.
[    7.152897] iscsi: registered transport (tcp)
[[0;32m  OK  [0m] Mounted Kernel Debug File System.
[[0;32m  OK  [0m] Started Uncomplicated firewall.
[[0;32m  OK  [0m] Mounted Huge Pages File System.
[[0;32m  OK  [0m] Started Remount Root and Kernel File Systems.
[[0;32m  OK  [0m] Started Create list of required sta…vice nodes for the current kernel.
[[0;32m  OK  [0m] Mounted POSIX Message Queue File System.
         Starting Create Static Device Nodes in /dev...
         Starting Load/Save Random Seed...
[[0;32m  OK  [0m] Started LVM2 metadata daemon.
[[0;32m  OK  [0m] Started Load/Save Random Seed.
[[0;32m  OK  [0m] Started Create Static Device Nodes in /dev.
         Starting udev Kernel Device Manager...
[[0;32m  OK  [0m] Started Monitoring of LVM2 mirrors,…sing dmeventd or progress polling.[    7.422071] iscsi: registered transport (iser)

[[0;32m  OK  [0m] Started udev Coldplug all Devices.
[[0;32m  OK  [0m] Started Load Kernel Modules.
[[0;32m  OK  [0m] Started Journal Service.
         Starting Flush Journal to Persistent Storage...
         Starting Apply Kernel Variables...
         Mounting FUSE Control File System...
         Mounting Kernel Configuration File System...
[[0;32m  OK  [0m] Mounted Kernel Configuration File System.
[[0;32m  OK  [0m] Mounted FUSE Control File System.
[    7.481357] systemd-journald[398]: Received request to flush runtime journal from PID 1
[[0;32m  OK  [0m] Started udev Kernel Device Manager.
[[0;32m  OK  [0m] Started Set the console keyboard layout.
[[0;32m  OK  [0m] Reached target Local File Systems (Pre).
[[0;32m  OK  [0m] Reached target Local File Systems.
         Starting Set console font and keymap...
         Starting ebtables ruleset management...
         Starting AppArmor initialization...
         Starting Commit a transient machine-id on disk...
         Starting Tell Plymouth To Write Out Runtime Data...
[[0;32m  OK  [0m] Started Dispatch Password Requests to Console Directory Watch.
[[0;32m  OK  [0m] Reached target Local Encrypted Volumes.
[[0;32m  OK  [0m] Started Flush Journal to Persistent Storage.
[[0;32m  OK  [0m] Started Apply Kernel Variables.
[[0;32m  OK  [0m] Started Set console font and keymap.
[[0;32m  OK  [0m] Started Tell Plymouth To Write Out Runtime Data.
         Starting Create Volatile Files and Directories...
[[0;32m  OK  [0m] Started Commit a transient machine-id on disk.
[[0;32m  OK  [0m] Started Create Volatile Files and Directories.
         Starting Update UTMP about System Boot/Shutdown...
[[0;32m  OK  [0m] Started Update UTMP about System Boot/Shutdown.
[[0;32m  OK  [0m] Started ebtables ruleset management.
[[0;32m  OK  [0m] Found device /dev/ttyS0.
[[0;32m  OK  [0m] Listening on Load/Save RF Kill Switch Status /dev/rfkill Watch.
[[0;32m  OK  [0m] Started AppArmor initialization.
         Starting Initial cloud-init job (pre-networking)...
[   11.936060] cloud-init[541]: Cloud-init v. 19.2-36-g059d049c-0ubuntu2~18.04.1 running 'init-local' at Tue, 26 Nov 2019 03:17:40 +0000. Up 11.37 seconds.
[[0;32m  OK  [0m] Started Initial cloud-init job (pre-networking).
[[0;32m  OK  [0m] Reached target Network (Pre).
         Starting Network Service...
[[0;32m  OK  [0m] Started Network Service.
         Starting Network Name Resolution...
         Starting Wait for Network to be Configured...
[[0;32m  OK  [0m] Started Network Name Resolution.
[[0;32m  OK  [0m] Reached target Network.
[[0;32m  OK  [0m] Reached target Host and Network Name Lookups.
[[0;32m  OK  [0m] Started Wait for Network to be Configured.
         Starting Initial cloud-init job (metadata service crawler)...
[   15.151782] cloud-init[650]: Cloud-init v. 19.2-36-g059d049c-0ubuntu2~18.04.1 running 'init' at Tue, 26 Nov 2019 03:17:43 +0000. Up 14.77 seconds.
[   15.160462] cloud-init[650]: ci-info: ++++++++++++++++++++++++++++++++++++++Net device info++++++++++++++++++++++++++++++++++++++
[   15.170357] cloud-init[650]: ci-info: +--------+------+----------------------------+---------------+--------+-------------------+
[   15.177051] cloud-init[650]: ci-info: | Device |  Up  |          Address           |      Mask     | Scope  |     Hw-Address    |
[   15.186186] cloud-init[650]: ci-info: +--------+------+----------------------------+---------------+--------+-------------------+
[   15.192040] cloud-init[650]: ci-info: | enp0s3 | True |         10.0.2.15          | 255.255.255.0 | global | 02:83:96:c1:64:f9 |
[   15.199414] cloud-init[650]: ci-info: | enp0s3 | True | fe80::83:96ff:fec1:64f9/64 |       .       |  link  | 02:83:96:c1:64:f9 |
[   15.208878] cloud-init[650]: ci-info: |   lo   | True |         127.0.0.1          |   255.0.0.0   |  host  |         .         |
[   15.215064] cloud-init[650]: ci-info: |   lo   | True |          ::1/128           |       .       |  host  |         .         |
[   15.220797] cloud-init[650]: ci-info: +--------+------+----------------------------+---------------+--------+-------------------+
[   15.228045] cloud-init[650]: ci-info: ++++++++++++++++++++++++++++Route IPv4 info+++++++++++++++++++++++++++++
[   15.238005] cloud-init[650]: ci-info: +-------+-------------+----------+-----------------+-----------+-------+
[   15.243877] cloud-init[650]: ci-info: | Route | Destination | Gateway  |     Genmask     | Interface | Flags |
[   15.250270] cloud-init[650]: ci-info: +-------+-------------+----------+-----------------+-----------+-------+
[   15.256288] cloud-init[650]: ci-info: |   0   |   0.0.0.0   | 10.0.2.2 |     0.0.0.0     |   enp0s3  |   UG  |
[   15.261772] cloud-init[650]: ci-info: |   1   |   10.0.2.0  | 0.0.0.0  |  255.255.255.0  |   enp0s3  |   U   |
[   15.267938] cloud-init[650]: ci-info: |   2   |   10.0.2.2  | 0.0.0.0  | 255.255.255.255 |   enp0s3  |   UH  |
[   15.273029] cloud-init[650]: ci-info: +-------+-------------+----------+-----------------+-----------+-------+
[   15.278646] cloud-init[650]: ci-info: +++++++++++++++++++Route IPv6 info+++++++++++++++++++
[   15.282637] cloud-init[650]: ci-info: +-------+-------------+---------+-----------+-------+
[   15.286549] cloud-init[650]: ci-info: | Route | Destination | Gateway | Interface | Flags |
[   15.290811] cloud-init[650]: ci-info: +-------+-------------+---------+-----------+-------+
[   15.295382] cloud-init[650]: ci-info: |   1   |  fe80::/64  |    ::   |   enp0s3  |   U   |
[   15.299281] cloud-init[650]: ci-info: |   3   |    local    |    ::   |   enp0s3  |   U   |
[   15.304882] cloud-init[650]: ci-info: |   4   |   ff00::/8  |    ::   |   enp0s3  |   U   |
[   15.309314] cloud-init[650]: ci-info: +-------+-------------+---------+-----------+-------+
[   16.520933] cloud-init[650]: Generating public/private rsa key pair.
[   16.524998] cloud-init[650]: Your identification has been saved in /etc/ssh/ssh_host_rsa_key.
[   16.529939] cloud-init[650]: Your public key has been saved in /etc/ssh/ssh_host_rsa_key.pub.
[   16.545105] cloud-init[650]: The key fingerprint is:
[   16.548360] cloud-init[650]: SHA256:1x6RQ1d+q+AqzN8jOngBTTozb1afw3USv93fzB7Qhkg root@ubuntu-bionic
[   16.553718] cloud-init[650]: The key's randomart image is:
[   16.569251] cloud-init[650]: +---[RSA 2048]----+
[   16.572191] cloud-init[650]: |            . ...|
[   16.575462] cloud-init[650]: |       .   . + . |
[   16.577857] cloud-init[650]: |      +    E+ o o|
[   16.580797] cloud-init[650]: |     * . ....=ooo|
[   16.583128] cloud-init[650]: |      * S +o=oo++|
[   16.585962] cloud-init[650]: |       = ..*..+.o|
[   16.588477] cloud-init[650]: |      * .  .o. +o|
[   16.590868] cloud-init[650]: |     . * .o.    *|
[   16.604810] cloud-init[650]: |      ..=o...  ..|
[   16.622099] cloud-init[650]: +----[SHA256]-----+
[   16.623643] cloud-init[650]: Generating public/private dsa key pair.
[   16.636631] cloud-init[650]: Your identification has been saved in /etc/ssh/ssh_host_dsa_key.
[   16.641489] cloud-init[650]: Your public key has been saved in /etc/ssh/ssh_host_dsa_key.pub.
[   16.646775] cloud-init[650]: The key fingerprint is:
[   16.649895] cloud-init[650]: SHA256:rOmXazAN3mln1mXUvOaSjaQM5mekl2+vXaFJxSbBQzU root@ubuntu-bionic
[   16.656159] cloud-init[650]: The key's randomart image is:
[   16.659299] cloud-init[650]: +---[DSA 1024]----+
[   16.662872] cloud-init[650]: |            oo.E |
[   16.666749] cloud-init[650]: |             o+ +|
[   16.669696] cloud-init[650]: |             o.+.|
[   16.672640] cloud-init[650]: |      .. o . .*o |
[   16.674350] cloud-init[650]: |     . +S.=.++*. |
[   16.677290] cloud-init[650]: |      +o=o+Bo+oo.|
[   16.679601] cloud-init[650]: |      o+ =+ .o. .|
[   16.682025] cloud-init[650]: |     .  +    o. .|
[   16.696642] cloud-init[650]: |      .o..  ..oo |
[   16.699171] cloud-init[650]: +----[SHA256]-----+
[   16.712496] cloud-init[650]: Generating public/private ecdsa key pair.
[   16.721418] cloud-init[650]: Your identification has been saved in /etc/ssh/ssh_host_ecdsa_key.
[   16.725949] cloud-init[650]: Your public key has been saved in /etc/ssh/ssh_host_ecdsa_key.pub.
[   16.731520] cloud-init[650]: The key fingerprint is:
[   16.736827] cloud-init[650]: SHA256:tV+6F/8P+x4dBj34GCxUjRcabXgTfFz6KQ1pFxtDSsc root@ubuntu-bionic
[   16.741419] cloud-init[650]: The key's randomart image is:
[   16.753079] cloud-init[650]: +---[ECDSA 256]---+
[   16.764625] cloud-init[650]: |           ..+OX=|
[   16.776704] cloud-init[650]: |          . ooOEB|
[   16.782899] cloud-init[650]: |          .. @==o|
[   16.797098] cloud-init[650]: |         . .o O.o|
[   16.800475] cloud-init[650]: |        S .  o.*.|
[[   16.813208] cloud-init[650]: |           . o+ o|
[0;32m  OK  [0m[   16.813367] ] cloud-initStarted Initial cloud-init job (metadata service crawler).[650]: 
|            o .+.|
[   16.818587] cloud-init[650]: |             ..oo|
[   16.818745] cloud-init[650]: |            ...oB|
[[0;32m  OK  [0m] Reached target System Initialization.
[[0;32m  OK  [0m[   16.819035] ] cloud-initListening on Open-iSCSI iscsid Socket.[650]: 
+----[SHA256]-----+
[   16.837643] cloud-init[650]: Generating public/private ed25519 key pair.
         Starting LXD - unix socket.
[[0;32m  OK  [0m] Started Daily apt download activities.
[[0;32m  OK  [0m] Started Daily apt upgrade and clean activities.
[   16.852754] cloud-init[650]: Your identification has been saved in /etc/ssh/ssh_host_ed25519_key.
[[0;32m  OK  [0m] Started ACPI Events Check.
[[0;32m  OK  [0m] Reached target Paths.
[   16.889829] cloud-init[650]: Your public key has been saved in /etc/ssh/ssh_host_ed25519_key.pub.
         [   16.904882] cloud-init[650]: The key fingerprint is:
Starting Socket activation for snappy daemon.
[   16.905364] cloud-init[650]: SHA256:ogclW7m5ZCiTi9lYfo6PC969gq0naqK2gk0J4ubTsoo root@ubuntu-bionic
[[0;32m  OK  [0m] Listening on D-Bus System Message Bus Socket.
[   16.911952] cloud-init[650]: The key's randomart image is:
[   16.916879] cloud-init[650]: +--[ED25519 256]--+
[[0;32m  OK  [0m] Started Message of the Day.
[   16.922925] [cloud-init[0;32m  OK  [0m[650]: ] |                 |Started Discard unused blocks once a week.

[[0;32m  OK  [0m] Listening on ACPID Listen Socket.
[   16.943504] cloud-init[650]: |       .         |
[[0;32m  OK  [0m] Listening on UUID daemon activation socket.
[[0;32m  OK  [0m] Started Daily Cleanup of Temporary Directories.
[[0;32m  OK  [0m] Reached target Timers.
[[0;32m  OK  [0m] Reached target Network is Online.
[   16.964980] cloud-init[650]: |    . +          |
         Starting Availability of block devices...
[   16.980977] [cloud-init[0;32m  OK  [0m[650]: ] |o  . * o         |Reached target Remote File Systems (Pre).

[[0;32m  OK  [0m] Reached target Remote File Systems.
[[0;32m  OK  [0m] Reached target Cloud-config availability.
[   17.009763] cloud-init[650]: |o.=.+ * S        |
[[0;32m  OK  [0m] Listening on LXD - unix socket.
[   17.025100] cloud-init[650]: | Xo+ = o         |
[[0;32m  OK  [0m] Listening on Socket activation for snappy daemon.
[   17.038113] cloud-init[650]: |OoB o o          |
[[0;32m  OK  [0m] Started Availability of block devices.
[[0;32m  OK  [0m] Reached target Sockets.
[[0;32m  OK  [0m] Reached target Basic System.
[   17.041069] cloud-init[650]: |*XoX..           |
[   17.050099] cloud-init[650]: |E=%++o.          |
         Starting LSB: Record successful boot for GRUB...
         Starting LSB: automatic crash report generation...
         Starting System Logging Service...
[[0;32m  OK  [0m] Started Deferred execution scheduler.
         Starting Virtualbox guest utils...
[   17.054535] cloud-init[650]: +----[SHA256]-----+
         Starting Pollinate to seed the pseudo random number generator...
[[0;32m  OK  [0m] Started FUSE filesystem for LXC.
[[0;32m  OK  [0m] Started Regular background program processing daemon.
         Starting Login Service...
         Starting Accounts Service...
[[0;32m  OK  [0m] Started D-Bus System Message Bus.
         Starting LXD - container startup/shutdown...
         Starting Permit User Sessions...
         Starting Snappy daemon...
         Starting Dispatcher daemon for systemd-networkd...
[[0;32m  OK  [0m] Started irqbalance daemon.
[[0;32m  OK  [0m] Started System Logging Service.
[[0;32m  OK  [0m] Started Permit User Sessions.
         Starting Hold until boot process finishes up...
         Starting Terminate Plymouth Boot Screen...
[[0;32m  OK  [0m] Started Hold until boot process finishes up.
[[0;32m  OK  [0m] Started Terminate Plymouth Boot Screen.
[[0;32m  OK  [0m] Started Login Service.
[[0;32m  OK  [0m] Started Unattended Upgrades Shutdown.
         Starting Set console scheme...
[[0;32m  OK  [0m] Started Serial Getty on ttyS0.
         Starting Authorization Manager...
[[0;32m  OK  [0m] Started Set console scheme.
[[0;32m  OK  [0m] Created slice system-getty.slice.
[[0;32m  OK  [0m] Started Getty on tty1.
[[0;32m  OK  [0m] Reached target Login Prompts.
[[0;32m  OK  [0m] Started LSB: automatic crash report generation.
[[0;32m  OK  [0m] Started LSB: Record successful boot for GRUB.
[[0;32m  OK  [0m] Started Authorization Manager.
[[0;32m  OK  [0m] Started Accounts Service.
[[0;32m  OK  [0m] Started LXD - container startup/shutdown.
[[0;32m  OK  [0m] Started Virtualbox guest utils.
[[0;32m  OK  [0m] Started Dispatcher daemon for systemd-networkd.
[[0;32m  OK  [0m] Started Snappy daemon.
         Starting Wait until snapd is fully seeded...

Ubuntu 18.04.3 LTS ubuntu-bionic ttyS0

ubuntu-bionic login: [   32.896990] cloud-init[1420]: Cloud-init v. 19.2-36-g059d049c-0ubuntu2~18.04.1 running 'modules:config' at Tue, 26 Nov 2019 03:18:00 +0000. Up 31.97 seconds.
[[0;32m  OK  [0m] Started Apply the settings specified in cloud-config.
         Starting Execute cloud user/final scripts...
ci-info: no authorized ssh keys fingerprints found for user ubuntu.
<14>Nov 26 03:18:02 ec2: 
<14>Nov 26 03:18:02 ec2: #############################################################
<14>Nov 26 03:18:02 ec2: -----BEGIN SSH HOST KEY FINGERPRINTS-----
<14>Nov 26 03:18:02 ec2: 1024 SHA256:rOmXazAN3mln1mXUvOaSjaQM5mekl2+vXaFJxSbBQzU root@ubuntu-bionic (DSA)
<14>Nov 26 03:18:02 ec2: 256 SHA256:tV+6F/8P+x4dBj34GCxUjRcabXgTfFz6KQ1pFxtDSsc root@ubuntu-bionic (ECDSA)
<14>Nov 26 03:18:02 ec2: 256 SHA256:ogclW7m5ZCiTi9lYfo6PC969gq0naqK2gk0J4ubTsoo root@ubuntu-bionic (ED25519)
<14>Nov 26 03:18:02 ec2: 2048 SHA256:1x6RQ1d+q+AqzN8jOngBTTozb1afw3USv93fzB7Qhkg root@ubuntu-bionic (RSA)
<14>Nov 26 03:18:02 ec2: -----END SSH HOST KEY FINGERPRINTS-----
<14>Nov 26 03:18:02 ec2: #############################################################
-----BEGIN SSH HOST KEY KEYS-----
ecdsa-sha2-nistp256 AAAAE2VjZHNhLXNoYTItbmlzdHAyNTYAAAAIbmlzdHAyNTYAAABBBJBwZx/MUoMtOgYCYm5eNUkfYG6/FrMWMJVUZCqQ6MbeUgTcWwKoknp2gpgTSGmcGudNDsvKjaaOzjWm8kMI7u4= root@ubuntu-bionic
ssh-ed25519 AAAAC3NzaC1lZDI1NTE5AAAAINYmRaoO7awDQhwvEhgrjSU4UNYkb9stV5WGFRF5kdK8 root@ubuntu-bionic
ssh-rsa AAAAB3NzaC1yc2EAAAADAQABAAABAQDBc8i8HZbiZbNQoZHgSz17yhYdKaPheRL+tdpbl+LPL1xCAmoydVeAubCtg5T558ald5sYXMqEy3Pn+qxrTqP8/fHjKzo+QqwBuFq3SYKfci7GcvXnrvAqSmHeWv+HofD2fG0hzxWJ2zoz63z5TRwSqIezIbETlSxkAw4XiUdVqJtGxBoohw7A0a3MW95M7IavGgjU4fj04c5TuM8eRV6qKq8nY466k03f7Oj9H18c6cVaLUWBk8cIujAEhW4oszKhYn6Z2fGvTahW/mvMw9+uV+gJ16UJGVGbDy4rjiKodVE64mB+QoXUDbWxfE9xkpBhOyuwtz2bmCFmDeWVj6BV root@ubuntu-bionic
-----END SSH HOST KEY KEYS-----
[   34.078168] cloud-init[1617]: Cloud-init v. 19.2-36-g059d049c-0ubuntu2~18.04.1 running 'modules:final' at Tue, 26 Nov 2019 03:18:02 +0000. Up 33.77 seconds.
[   34.078321] cloud-init[1617]: ci-info: no authorized ssh keys fingerprints found for user ubuntu.
[   34.086698] cloud-init[1617]: Cloud-init v. 19.2-36-g059d049c-0ubuntu2~18.04.1 finished at Tue, 26 Nov 2019 03:18:02 +0000. Datasource DataSourceNoCloud [seed=/dev/sdb][dsmode=net].  Up 34.06 seconds
[[0;32m  OK  [0m] Started Execute cloud user/final scripts.
[[0;32m  OK  [0m] Reached target Cloud-init target.
